{"C:\\Users\\hiept\\OneDrive\\CODE\\test-project\\src\\index.js": {"path":"C:\\Users\\hiept\\OneDrive\\CODE\\test-project\\src\\index.js","statementMap":{"0":{"start":{"line":1,"column":12},"end":{"line":1,"column":0}},"1":{"start":{"line":2,"column":0},"end":{"line":null,"column":-1}}},"fnMap":{},"branchMap":{},"s":{"0":0,"1":0},"f":{},"b":{}}
,"C:\\Users\\hiept\\OneDrive\\CODE\\test-project\\src\\sum.js": {"path":"C:\\Users\\hiept\\OneDrive\\CODE\\test-project\\src\\sum.js","statementMap":{"0":{"start":{"line":1,"column":0},"end":{"line":1,"column":33}},"1":{"start":{"line":1,"column":27},"end":{"line":1,"column":32}}},"fnMap":{"0":{"name":"(anonymous_0)","decl":{"start":{"line":1,"column":17},"end":{"line":1,"column":18}},"loc":{"start":{"line":1,"column":27},"end":{"line":1,"column":32}},"line":1}},"branchMap":{},"s":{"0":1,"1":1},"f":{"0":1},"b":{},"_coverageSchema":"332fd63041d2c1bcb487cc26dd0d5f7d97098a6c","hash":"9c08c8581c98b36fe0fcbc33aa5501c627eeb185"}
}
